Using pre-set license
Built from '2021.3/staging' branch; Version is '2021.3.10f1 (1c7d0df0160b) revision 1867021'; Using compiler version '192829333'; Build Type 'Release'
OS: 'Windows 10  (10.0.19044) 64bit Professional' Language: 'en' Physical Memory: 8112 MB
BatchMode: 1, IsHumanControllingUs: 0, StartBugReporterOnCrash: 0, Is64bit: 1, IsPro: 1

COMMAND LINE ARGUMENTS:
C:\Unity\2021.3.10f1\Editor\Unity.exe
-adb2
-batchMode
-noUpm
-name
AssetImportWorker11
-projectPath
E:/Unity/Shivarrior
-logFile
Logs/AssetImportWorker11.log
-srvPort
63773
Successfully changed project path to: E:/Unity/Shivarrior
E:/Unity/Shivarrior
[UnityMemory] Configuration Parameters - Can be set up in boot.config
    "memorysetup-bucket-allocator-granularity=16"
    "memorysetup-bucket-allocator-bucket-count=8"
    "memorysetup-bucket-allocator-block-size=33554432"
    "memorysetup-bucket-allocator-block-count=8"
    "memorysetup-main-allocator-block-size=16777216"
    "memorysetup-thread-allocator-block-size=16777216"
    "memorysetup-gfx-main-allocator-block-size=16777216"
    "memorysetup-gfx-thread-allocator-block-size=16777216"
    "memorysetup-cache-allocator-block-size=4194304"
    "memorysetup-typetree-allocator-block-size=2097152"
    "memorysetup-profiler-bucket-allocator-granularity=16"
    "memorysetup-profiler-bucket-allocator-bucket-count=8"
    "memorysetup-profiler-bucket-allocator-block-size=33554432"
    "memorysetup-profiler-bucket-allocator-block-count=8"
    "memorysetup-profiler-allocator-block-size=16777216"
    "memorysetup-profiler-editor-allocator-block-size=1048576"
    "memorysetup-temp-allocator-size-main=16777216"
    "memorysetup-job-temp-allocator-block-size=2097152"
    "memorysetup-job-temp-allocator-block-size-background=1048576"
    "memorysetup-job-temp-allocator-reduction-small-platforms=262144"
    "memorysetup-temp-allocator-size-background-worker=32768"
    "memorysetup-temp-allocator-size-job-worker=262144"
    "memorysetup-temp-allocator-size-preload-manager=33554432"
    "memorysetup-temp-allocator-size-nav-mesh-worker=65536"
    "memorysetup-temp-allocator-size-audio-worker=65536"
    "memorysetup-temp-allocator-size-cloud-worker=32768"
    "memorysetup-temp-allocator-size-gi-baking-worker=262144"
    "memorysetup-temp-allocator-size-gfx=262144"
Refreshing native plugins compatible for Editor in 120.31 ms, found 3 plugins.
Preloading 0 native plugins for Editor in 0.00 ms.
Initialize engine version: 2021.3.10f1 (1c7d0df0160b)
[Subsystems] Discovering subsystems at path C:/Unity/2021.3.10f1/Editor/Data/Resources/UnitySubsystems
[Subsystems] Discovering subsystems at path E:/Unity/Shivarrior/Assets
GfxDevice: creating device client; threaded=0; jobified=0
Direct3D:
    Version:  Direct3D 11.0 [level 11.1]
    Renderer: NVIDIA GeForce GTX 1050 (ID=0x1c8d)
    Vendor:   NVIDIA
    VRAM:     4021 MB
    Driver:   30.0.15.1215
Initialize mono
Mono path[0] = 'C:/Unity/2021.3.10f1/Editor/Data/Managed'
Mono path[1] = 'C:/Unity/2021.3.10f1/Editor/Data/MonoBleedingEdge/lib/mono/unityjit-win32'
Mono config path = 'C:/Unity/2021.3.10f1/Editor/Data/MonoBleedingEdge/etc'
Using monoOptions --debugger-agent=transport=dt_socket,embedding=1,server=y,suspend=n,address=127.0.0.1:56560
Begin MonoManager ReloadAssembly
Registering precompiled unity dll's ...
Register platform support module: C:/Unity/2021.3.10f1/Editor/Data/PlaybackEngines/WebGLSupport/UnityEditor.WebGL.Extensions.dll
Register platform support module: C:/Unity/2021.3.10f1/Editor/Data/PlaybackEngines/AndroidPlayer/UnityEditor.Android.Extensions.dll
Register platform support module: C:/Unity/2021.3.10f1/Editor/Data/PlaybackEngines/iOSSupport/UnityEditor.iOS.Extensions.dll
Register platform support module: C:/Unity/2021.3.10f1/Editor/Data/PlaybackEngines/WindowsStandaloneSupport/UnityEditor.WindowsStandalone.Extensions.dll
Registered in 0.015315 seconds.
Native extension for WindowsStandalone target not found
[usbmuxd] Start listen thread
[usbmuxd] Listen thread started
Native extension for iOS target not found
Native extension for Android target not found
Native extension for WebGL target not found
Refreshing native plugins compatible for Editor in 92.11 ms, found 3 plugins.
Preloading 0 native plugins for Editor in 0.00 ms.
Mono: successfully reloaded assembly
- Completed reload, in  0.937 seconds
Domain Reload Profiling:
	ReloadAssembly (938ms)
		BeginReloadAssembly (103ms)
			ExecutionOrderSort (0ms)
			DisableScriptedObjects (0ms)
			BackupInstance (0ms)
			ReleaseScriptingObjects (0ms)
			CreateAndSetChildDomain (1ms)
		EndReloadAssembly (585ms)
			LoadAssemblies (101ms)
			RebuildTransferFunctionScriptingTraits (0ms)
			SetupTypeCache (152ms)
			ReleaseScriptCaches (0ms)
			RebuildScriptCaches (37ms)
			SetupLoadedEditorAssemblies (329ms)
				LogAssemblyErrors (0ms)
				InitializePlatformSupportModulesInManaged (79ms)
				SetLoadedEditorAssemblies (3ms)
				RefreshPlugins (92ms)
				BeforeProcessingInitializeOnLoad (2ms)
				ProcessInitializeOnLoadAttributes (105ms)
				ProcessInitializeOnLoadMethodAttributes (49ms)
				AfterProcessingInitializeOnLoad (0ms)
				EditorAssembliesLoaded (0ms)
			ExecutionOrderSort2 (0ms)
			AwakeInstancesAfterBackupRestoration (0ms)
Platform modules already initialized, skipping
Registering precompiled user dll's ...
Registered in 0.007402 seconds.
Begin MonoManager ReloadAssembly
Symbol file LoadedFromMemory doesn't match image E:\Unity\Shivarrior\Library\PackageCache\com.unity.visualscripting@1.7.8\Editor\VisualScripting.Core\Dependencies\YamlDotNet\Unity.VisualScripting.YamlDotNet.dll
Symbol file LoadedFromMemory doesn't match image E:\Unity\Shivarrior\Library\PackageCache\com.unity.visualscripting@1.7.8\Editor\VisualScripting.Core\Dependencies\DotNetZip\Unity.VisualScripting.IonicZip.dll
Native extension for WindowsStandalone target not found
Native extension for iOS target not found
Native extension for Android target not found
Native extension for WebGL target not found
Refreshing native plugins compatible for Editor in 0.72 ms, found 3 plugins.
Preloading 0 native plugins for Editor in 0.00 ms.
Mono: successfully reloaded assembly
- Completed reload, in 15.742 seconds
Domain Reload Profiling:
	ReloadAssembly (15743ms)
		BeginReloadAssembly (1554ms)
			ExecutionOrderSort (0ms)
			DisableScriptedObjects (7ms)
			BackupInstance (0ms)
			ReleaseScriptingObjects (0ms)
			CreateAndSetChildDomain (1386ms)
		EndReloadAssembly (13542ms)
			LoadAssemblies (951ms)
			RebuildTransferFunctionScriptingTraits (0ms)
			SetupTypeCache (468ms)
			ReleaseScriptCaches (1ms)
			RebuildScriptCaches (65ms)
			SetupLoadedEditorAssemblies (12060ms)
				LogAssemblyErrors (0ms)
				InitializePlatformSupportModulesInManaged (35ms)
				SetLoadedEditorAssemblies (1ms)
				RefreshPlugins (1ms)
				BeforeProcessingInitializeOnLoad (109ms)
				ProcessInitializeOnLoadAttributes (10488ms)
				ProcessInitializeOnLoadMethodAttributes (1413ms)
				AfterProcessingInitializeOnLoad (13ms)
				EditorAssembliesLoaded (0ms)
			ExecutionOrderSort2 (0ms)
			AwakeInstancesAfterBackupRestoration (8ms)
Platform modules already initialized, skipping
========================================================================
Worker process is ready to serve import requests
Launched and connected shader compiler UnityShaderCompiler.exe after 0.08 seconds
Refreshing native plugins compatible for Editor in 1.13 ms, found 3 plugins.
Preloading 0 native plugins for Editor in 0.00 ms.
Unloading 3380 Unused Serialized files (Serialized files now loaded: 0)
Unloading 27 unused Assets / (113.8 KB). Loaded Objects now: 3842.
Memory consumption went from 117.0 MB to 116.8 MB.
Total: 4.343600 ms (FindLiveObjects: 0.499000 ms CreateObjectMapping: 0.466500 ms MarkObjects: 3.162500 ms  DeleteObjects: 0.214600 ms)

AssetImportParameters requested are different than current active one (requested -> active):
  custom:video-decoder-ogg-theora: a1e56fd34408186e4bbccfd4996cb3dc -> 
  custom:container-muxer-webm: aa71ff27fc2769a1b78a27578f13a17b -> 
  custom:container-demuxer-webm: 4f35f7cbe854078d1ac9338744f61a02 -> 
  custom:video-encoder-webm-vp8: eb34c28f22e8b96e1ab97ce403110664 -> 
  custom:audio-encoder-webm-vorbis: bf7c407c2cedff20999df2af8eb42d56 -> 
  custom:framework-win-MediaFoundation: 216162199b28c13a410421893ffa2e32 -> 
  custom:container-demuxer-ogg: 62fdf1f143b41e24485cea50d1cbac27 -> 
  custom:video-decoder-webm-vp8: 9c59270c3fd7afecdb556c50c9e8de78 -> 
  custom:audio-decoder-ogg-vorbis: bf7c407c2cedff20999df2af8eb42d56 -> 
========================================================================
Received Import Request.
  Time since last request: 1428642.849497 seconds.
  path: Assets/mycontent
  artifactKey: Guid(cf4ca778af3e15440b523f8e6507d8d3) Importer(815301076,1909f56bfc062723c751e8b465ee728b)
Start importing Assets/mycontent using Guid(cf4ca778af3e15440b523f8e6507d8d3) Importer(815301076,1909f56bfc062723c751e8b465ee728b)  -> (artifact id: '6758cae0d5fd9e9fb8370bfc9fb8a249') in 0.037416 seconds 
========================================================================
Received Import Request.
  Time since last request: 12.324573 seconds.
  path: Assets/Dnk_Dev/HospitalHorrorPack/Models/SM_Bed_01.obj
  artifactKey: Guid(b47f5c9ac3a4adc4582f259efbe3c8e5) Importer(815301076,1909f56bfc062723c751e8b465ee728b)
Start importing Assets/Dnk_Dev/HospitalHorrorPack/Models/SM_Bed_01.obj using Guid(b47f5c9ac3a4adc4582f259efbe3c8e5) Importer(815301076,1909f56bfc062723c751e8b465ee728b)  -> (artifact id: 'ed38880b9d14a709d2c8a7936196120a') in 0.841972 seconds 
========================================================================
Received Import Request.
  Time since last request: 0.000050 seconds.
  path: Assets/Dnk_Dev/HospitalHorrorPack/Models/SM_Lamp.obj
  artifactKey: Guid(99d1229755c80d54d975792177cdddee) Importer(815301076,1909f56bfc062723c751e8b465ee728b)
Start importing Assets/Dnk_Dev/HospitalHorrorPack/Models/SM_Lamp.obj using Guid(99d1229755c80d54d975792177cdddee) Importer(815301076,1909f56bfc062723c751e8b465ee728b)  -> (artifact id: '6ff656be0bfb22826104dc218442b460') in 0.058779 seconds 
========================================================================
Received Import Request.
  Time since last request: 0.000037 seconds.
  path: Assets/Dnk_Dev/HospitalHorrorPack/Models/SM_Floor_01.obj
  artifactKey: Guid(3565346867580db48870fbcfd66de77b) Importer(815301076,1909f56bfc062723c751e8b465ee728b)
Start importing Assets/Dnk_Dev/HospitalHorrorPack/Models/SM_Floor_01.obj using Guid(3565346867580db48870fbcfd66de77b) Importer(815301076,1909f56bfc062723c751e8b465ee728b)  -> (artifact id: 'e6453a4f8d4470266df71be6980e8885') in 0.063118 seconds 
========================================================================
Received Import Request.
  Time since last request: 0.000047 seconds.
  path: Assets/Dnk_Dev/HospitalHorrorPack/Models/SM_Module_DoorRoom_02.obj
  artifactKey: Guid(2e7ceb9bdea64d749a31eaaf90027994) Importer(815301076,1909f56bfc062723c751e8b465ee728b)
Start importing Assets/Dnk_Dev/HospitalHorrorPack/Models/SM_Module_DoorRoom_02.obj using Guid(2e7ceb9bdea64d749a31eaaf90027994) Importer(815301076,1909f56bfc062723c751e8b465ee728b)  -> (artifact id: '6ff219556afb4728ae85653894caddf5') in 0.164787 seconds 
========================================================================
Received Import Request.
  Time since last request: 0.000038 seconds.
  path: Assets/Dnk_Dev/HospitalHorrorPack/Models/SM_Wall_02.obj
  artifactKey: Guid(2e7a8487ab4626741848c28337daebd1) Importer(815301076,1909f56bfc062723c751e8b465ee728b)
Start importing Assets/Dnk_Dev/HospitalHorrorPack/Models/SM_Wall_02.obj using Guid(2e7a8487ab4626741848c28337daebd1) Importer(815301076,1909f56bfc062723c751e8b465ee728b)  -> (artifact id: 'fcac6ad1e9f28ac769de007f94b437f2') in 0.164050 seconds 
========================================================================
Received Import Request.
  Time since last request: 47.354421 seconds.
  path: Assets/mycontent/Erika Archer With Bow Arrow.fbx
  artifactKey: Guid(7ab49ba9a1ce7de49a342a061d946d09) Importer(815301076,1909f56bfc062723c751e8b465ee728b)
Start importing Assets/mycontent/Erika Archer With Bow Arrow.fbx using Guid(7ab49ba9a1ce7de49a342a061d946d09) Importer(815301076,1909f56bfc062723c751e8b465ee728b)  -> (artifact id: '0f0d2e34430897ffce63f642fec75129') in 0.624423 seconds 
========================================================================
Received Import Request.
  Time since last request: 496.241971 seconds.
  path: Assets
  artifactKey: Guid(00000000000000001000000000000000) Importer(815301076,1909f56bfc062723c751e8b465ee728b)
Start importing Assets using Guid(00000000000000001000000000000000) Importer(815301076,1909f56bfc062723c751e8b465ee728b)  -> (artifact id: '79842766b460edbeab6a34051e857a80') in 0.011322 seconds 
========================================================================
Received Import Request.
  Time since last request: 5.405538 seconds.
  path: Assets/Example
  artifactKey: Guid(a381d726b6be9f147994fea7b7df05aa) Importer(815301076,1909f56bfc062723c751e8b465ee728b)
Start importing Assets/Example using Guid(a381d726b6be9f147994fea7b7df05aa) Importer(815301076,1909f56bfc062723c751e8b465ee728b)  -> (artifact id: '08b94c281983a3e2834f8b3c697a3b22') in 0.008455 seconds 
========================================================================
Received Import Request.
  Time since last request: 4.214785 seconds.
  path: Assets/Example/Remy.fbx
  artifactKey: Guid(e489f493fd7cada418a33a48407b0e96) Importer(815301076,1909f56bfc062723c751e8b465ee728b)
Start importing Assets/Example/Remy.fbx using Guid(e489f493fd7cada418a33a48407b0e96) Importer(815301076,1909f56bfc062723c751e8b465ee728b)  -> (artifact id: '4cebf9f2c53356f45e49f219fd157eb3') in 0.201420 seconds 
========================================================================
Received Import Request.
  Time since last request: 10.936319 seconds.
  path: Assets/Example/Remy.fbx
  artifactKey: Guid(e489f493fd7cada418a33a48407b0e96) Importer(815301076,1909f56bfc062723c751e8b465ee728b)
Start importing Assets/Example/Remy.fbx using Guid(e489f493fd7cada418a33a48407b0e96) Importer(815301076,1909f56bfc062723c751e8b465ee728b)  -> (artifact id: '8626c86e5ca211fec1e6672107705196') in 0.586365 seconds 
========================================================================
Received Import Request.
  Time since last request: 0.000041 seconds.
  path: Assets/Example/Remy_Body_Gloss.png
  artifactKey: Guid(e9e7b8ebce7b1b342afd153b57ae8b77) Importer(815301076,1909f56bfc062723c751e8b465ee728b)
Start importing Assets/Example/Remy_Body_Gloss.png using Guid(e9e7b8ebce7b1b342afd153b57ae8b77) Importer(815301076,1909f56bfc062723c751e8b465ee728b)  -> (artifact id: 'c8ca2ee899a1aa2b6c3b5febfec7a237') in 0.038915 seconds 
========================================================================
Received Import Request.
  Time since last request: 0.000036 seconds.
  path: Assets/Example/Remy_Top_Normal.png
  artifactKey: Guid(769070e7542b3dc4aa00339d7606ced6) Importer(815301076,1909f56bfc062723c751e8b465ee728b)
Start importing Assets/Example/Remy_Top_Normal.png using Guid(769070e7542b3dc4aa00339d7606ced6) Importer(815301076,1909f56bfc062723c751e8b465ee728b)  -> (artifact id: '4decf2ee0e1a2a87a75c7bcc34f75294') in 0.026615 seconds 
========================================================================
Received Import Request.
  Time since last request: 0.000071 seconds.
  path: Assets/Example/Remy_Bottom_Diffuse.png
  artifactKey: Guid(0c874ecc99c3d3e4fb93c7e0b09c7ef6) Importer(815301076,1909f56bfc062723c751e8b465ee728b)
Start importing Assets/Example/Remy_Bottom_Diffuse.png using Guid(0c874ecc99c3d3e4fb93c7e0b09c7ef6) Importer(815301076,1909f56bfc062723c751e8b465ee728b)  -> (artifact id: 'd4849c41deeb375aededc00cfa959b9d') in 0.026146 seconds 
========================================================================
Received Import Request.
  Time since last request: 0.000044 seconds.
  path: Assets/Example/Remy_Bottom_Normal.png
  artifactKey: Guid(f2aa2846710debd4690eecd7bcb4e36b) Importer(815301076,1909f56bfc062723c751e8b465ee728b)
Start importing Assets/Example/Remy_Bottom_Normal.png using Guid(f2aa2846710debd4690eecd7bcb4e36b) Importer(815301076,1909f56bfc062723c751e8b465ee728b)  -> (artifact id: '6f510f9d0c72c5047ab685d8054c7713') in 0.025466 seconds 
========================================================================
Received Import Request.
  Time since last request: 0.000174 seconds.
  path: Assets/Example/Remy_Body_Opacity.png
  artifactKey: Guid(af1da6f7b7f81474fa3bb54bfbaa91cf) Importer(815301076,1909f56bfc062723c751e8b465ee728b)
Start importing Assets/Example/Remy_Body_Opacity.png using Guid(af1da6f7b7f81474fa3bb54bfbaa91cf) Importer(815301076,1909f56bfc062723c751e8b465ee728b)  -> (artifact id: 'd0db297d41f764e1c5f7cd603b7333ee') in 0.027102 seconds 
========================================================================
Received Import Request.
  Time since last request: 0.000047 seconds.
  path: Assets/Example/Remy_Bottom_Specular.png
  artifactKey: Guid(96946bddc272425498900a3429028e0d) Importer(815301076,1909f56bfc062723c751e8b465ee728b)
Start importing Assets/Example/Remy_Bottom_Specular.png using Guid(96946bddc272425498900a3429028e0d) Importer(815301076,1909f56bfc062723c751e8b465ee728b)  -> (artifact id: '1d9a757ad6590adedfeb932b6020a379') in 0.024150 seconds 
========================================================================
Received Import Request.
  Time since last request: 0.000077 seconds.
  path: Assets/Example/Remy_Shoes_Specular.png
  artifactKey: Guid(484a3b12a40ad2a4987bf8137439c866) Importer(815301076,1909f56bfc062723c751e8b465ee728b)
Start importing Assets/Example/Remy_Shoes_Specular.png using Guid(484a3b12a40ad2a4987bf8137439c866) Importer(815301076,1909f56bfc062723c751e8b465ee728b)  -> (artifact id: 'd5387c8ef11751f05686b9f00efc523e') in 0.024106 seconds 
========================================================================
Received Import Request.
  Time since last request: 0.000028 seconds.
  path: Assets/Example/Remy_Top_Diffuse.png
  artifactKey: Guid(08cd3f439cd73954c9a6a54cc8af0c87) Importer(815301076,1909f56bfc062723c751e8b465ee728b)
Start importing Assets/Example/Remy_Top_Diffuse.png using Guid(08cd3f439cd73954c9a6a54cc8af0c87) Importer(815301076,1909f56bfc062723c751e8b465ee728b)  -> (artifact id: '1eca236c3524b60d4abe27d0f07c03cd') in 0.022208 seconds 
========================================================================
Received Import Request.
  Time since last request: 0.000128 seconds.
  path: Assets/Example/Remy_Hair_Opacity.png
  artifactKey: Guid(6ec60ea12f9cb8b47b7a25fbdfbe3f24) Importer(815301076,1909f56bfc062723c751e8b465ee728b)
Start importing Assets/Example/Remy_Hair_Opacity.png using Guid(6ec60ea12f9cb8b47b7a25fbdfbe3f24) Importer(815301076,1909f56bfc062723c751e8b465ee728b)  -> (artifact id: '537ff30b6b3d6bcb5fa28ba4c565532d') in 0.028794 seconds 
========================================================================
Received Import Request.
  Time since last request: 0.000236 seconds.
  path: Assets/Example/Remy_Top_Gloss.png
  artifactKey: Guid(a99a04bcfade7a24f891439a3c6f55ff) Importer(815301076,1909f56bfc062723c751e8b465ee728b)
Start importing Assets/Example/Remy_Top_Gloss.png using Guid(a99a04bcfade7a24f891439a3c6f55ff) Importer(815301076,1909f56bfc062723c751e8b465ee728b)  -> (artifact id: '919f5b4aa2e6f0e04076de42ca82d972') in 0.023969 seconds 
========================================================================
Received Import Request.
  Time since last request: 0.846841 seconds.
  path: Assets/Example/Remy.fbx
  artifactKey: Guid(e489f493fd7cada418a33a48407b0e96) Importer(815301076,1909f56bfc062723c751e8b465ee728b)
Start importing Assets/Example/Remy.fbx using Guid(e489f493fd7cada418a33a48407b0e96) Importer(815301076,1909f56bfc062723c751e8b465ee728b)  -> (artifact id: '268adba1cf1015a58439cd4748c99d2c') in 0.271348 seconds 
========================================================================
Received Import Request.
  Time since last request: 2.204060 seconds.
  path: Assets/Example/Remy.fbx
  artifactKey: Guid(e489f493fd7cada418a33a48407b0e96) Importer(815301076,1909f56bfc062723c751e8b465ee728b)
Start importing Assets/Example/Remy.fbx using Guid(e489f493fd7cada418a33a48407b0e96) Importer(815301076,1909f56bfc062723c751e8b465ee728b)  -> (artifact id: '9e85ccbd24ca2e07a070cc8c429cf4a1') in 0.194390 seconds 
========================================================================
Received Import Request.
  Time since last request: 0.000045 seconds.
  path: Assets/Example/Topmat.mat
  artifactKey: Guid(27934c48ff899d343bc75464d869568f) Importer(815301076,1909f56bfc062723c751e8b465ee728b)
Start importing Assets/Example/Topmat.mat using Guid(27934c48ff899d343bc75464d869568f) Importer(815301076,1909f56bfc062723c751e8b465ee728b)  -> (artifact id: 'a56cb8c0778dccc795b7b1a9a63893a5') in 0.049610 seconds 
========================================================================
Received Import Request.
  Time since last request: 0.000058 seconds.
  path: Assets/Example/Shoesmat.mat
  artifactKey: Guid(252caef4ddf7304498505d46efdb1bc4) Importer(815301076,1909f56bfc062723c751e8b465ee728b)
Start importing Assets/Example/Shoesmat.mat using Guid(252caef4ddf7304498505d46efdb1bc4) Importer(815301076,1909f56bfc062723c751e8b465ee728b)  -> (artifact id: '309d3bae0d83ac85dfef8e17b0ea2510') in 0.028151 seconds 
========================================================================
Received Import Request.
  Time since last request: 0.000030 seconds.
  path: Assets/Example/Hairmat.mat
  artifactKey: Guid(ec4a687a1e99eb842912d41f9280f19c) Importer(815301076,1909f56bfc062723c751e8b465ee728b)
Start importing Assets/Example/Hairmat.mat using Guid(ec4a687a1e99eb842912d41f9280f19c) Importer(815301076,1909f56bfc062723c751e8b465ee728b)  -> (artifact id: '431c983946d08888049504de38ea44d9') in 0.023206 seconds 
========================================================================
Received Import Request.
  Time since last request: 0.000047 seconds.
  path: Assets/Example/Bottommat.mat
  artifactKey: Guid(f24abba1851a638418fb16614efedf67) Importer(815301076,1909f56bfc062723c751e8b465ee728b)
Start importing Assets/Example/Bottommat.mat using Guid(f24abba1851a638418fb16614efedf67) Importer(815301076,1909f56bfc062723c751e8b465ee728b)  -> (artifact id: 'e3bfe1dc486f3787c5f33ce62fe442b6') in 0.028964 seconds 
========================================================================
Received Import Request.
  Time since last request: 91.579643 seconds.
  path: Assets/Example/Animations
  artifactKey: Guid(3e80f8deff9e5c344bbde77a6ae45600) Importer(815301076,1909f56bfc062723c751e8b465ee728b)
Start importing Assets/Example/Animations using Guid(3e80f8deff9e5c344bbde77a6ae45600) Importer(815301076,1909f56bfc062723c751e8b465ee728b)  -> (artifact id: 'cc36c62af94a15a22357c93a6b4598ac') in 0.009204 seconds 
========================================================================
Received Import Request.
  Time since last request: 4.078603 seconds.
  path: Assets/Example/Animations/player_running.fbx
  artifactKey: Guid(6996b1f686c72434fb1391f5bf4ab68c) Importer(815301076,1909f56bfc062723c751e8b465ee728b)
Start importing Assets/Example/Animations/player_running.fbx using Guid(6996b1f686c72434fb1391f5bf4ab68c) Importer(815301076,1909f56bfc062723c751e8b465ee728b)  -> (artifact id: '98b573a15b889e2b2efe6ba786522012') in 0.051766 seconds 
========================================================================
Received Import Request.
  Time since last request: 10.576714 seconds.
  path: Assets/Example/Animations/mixamo.com.anim
  artifactKey: Guid(4f84cf928c595dd459f570ffa641f28f) Importer(815301076,1909f56bfc062723c751e8b465ee728b)
Start importing Assets/Example/Animations/mixamo.com.anim using Guid(4f84cf928c595dd459f570ffa641f28f) Importer(815301076,1909f56bfc062723c751e8b465ee728b)  -> (artifact id: '9410d3a99d370d60213f4166a58a60c2') in 0.066823 seconds 
========================================================================
Received Import Request.
  Time since last request: 25.926927 seconds.
  path: Assets/Example/Animations/player_running.anim
  artifactKey: Guid(4f84cf928c595dd459f570ffa641f28f) Importer(815301076,1909f56bfc062723c751e8b465ee728b)
Start importing Assets/Example/Animations/player_running.anim using Guid(4f84cf928c595dd459f570ffa641f28f) Importer(815301076,1909f56bfc062723c751e8b465ee728b)  -> (artifact id: '94562dc6c7c5d805cf87a88c40b8d0ef') in 0.034069 seconds 
========================================================================
Received Import Request.
  Time since last request: 91.300932 seconds.
  path: Assets/Example/Animations/player_animator.controller
  artifactKey: Guid(89e362b0264e5ed45b331cef3eb56d12) Importer(815301076,1909f56bfc062723c751e8b465ee728b)
Start importing Assets/Example/Animations/player_animator.controller using Guid(89e362b0264e5ed45b331cef3eb56d12) Importer(815301076,1909f56bfc062723c751e8b465ee728b)  -> (artifact id: 'e1f59f7a795d678cef6955dca79b11a1') in 0.052575 seconds 
========================================================================
Received Import Request.
  Time since last request: 114.520196 seconds.
  path: Assets/Example/Animations/player_idle.fbx
  artifactKey: Guid(7c667931ea6935f439ec29548c5bd8ff) Importer(815301076,1909f56bfc062723c751e8b465ee728b)
Start importing Assets/Example/Animations/player_idle.fbx using Guid(7c667931ea6935f439ec29548c5bd8ff) Importer(815301076,1909f56bfc062723c751e8b465ee728b)  -> (artifact id: 'fa3561037dc4f1346f8e82dcf34b7159') in 0.026253 seconds 
========================================================================
Received Import Request.
  Time since last request: 7.091020 seconds.
  path: Assets/Example/Animations/mixamo.com.anim
  artifactKey: Guid(a962e9e4856fa714592a19aabc9c0768) Importer(815301076,1909f56bfc062723c751e8b465ee728b)
Start importing Assets/Example/Animations/mixamo.com.anim using Guid(a962e9e4856fa714592a19aabc9c0768) Importer(815301076,1909f56bfc062723c751e8b465ee728b)  -> (artifact id: '5dac7650b34c30577050245110892530') in 0.018822 seconds 
========================================================================
Received Import Request.
  Time since last request: 14.425531 seconds.
  path: Assets/Example/Animations/player_idle.anim
  artifactKey: Guid(a962e9e4856fa714592a19aabc9c0768) Importer(815301076,1909f56bfc062723c751e8b465ee728b)
Start importing Assets/Example/Animations/player_idle.anim using Guid(a962e9e4856fa714592a19aabc9c0768) Importer(815301076,1909f56bfc062723c751e8b465ee728b)  -> (artifact id: '381b918eba4527fcacda4d45651a185b') in 0.017053 seconds 
========================================================================
Received Import Request.
  Time since last request: 16.211466 seconds.
  path: Assets/Example/Animations/player_idle.anim
  artifactKey: Guid(a962e9e4856fa714592a19aabc9c0768) Importer(815301076,1909f56bfc062723c751e8b465ee728b)
Start importing Assets/Example/Animations/player_idle.anim using Guid(a962e9e4856fa714592a19aabc9c0768) Importer(815301076,1909f56bfc062723c751e8b465ee728b)  -> (artifact id: '784ea96cabe7ef9ef6478c95e1d68b8f') in 0.082152 seconds 
========================================================================
Received Prepare
Registering precompiled user dll's ...
Registered in 0.007729 seconds.
Begin MonoManager ReloadAssembly
Symbol file LoadedFromMemory doesn't match image E:\Unity\Shivarrior\Library\PackageCache\com.unity.visualscripting@1.7.8\Editor\VisualScripting.Core\Dependencies\YamlDotNet\Unity.VisualScripting.YamlDotNet.dll
Symbol file LoadedFromMemory doesn't match image E:\Unity\Shivarrior\Library\PackageCache\com.unity.visualscripting@1.7.8\Editor\VisualScripting.Core\Dependencies\DotNetZip\Unity.VisualScripting.IonicZip.dll
Native extension for WindowsStandalone target not found
Native extension for iOS target not found
Native extension for Android target not found
Native extension for WebGL target not found
Refreshing native plugins compatible for Editor in 1.24 ms, found 3 plugins.
Preloading 0 native plugins for Editor in 0.00 ms.
Mono: successfully reloaded assembly
- Completed reload, in  2.147 seconds
Domain Reload Profiling:
	ReloadAssembly (2148ms)
		BeginReloadAssembly (276ms)
			ExecutionOrderSort (0ms)
			DisableScriptedObjects (7ms)
			BackupInstance (0ms)
			ReleaseScriptingObjects (0ms)
			CreateAndSetChildDomain (83ms)
		EndReloadAssembly (1723ms)
			LoadAssemblies (175ms)
			RebuildTransferFunctionScriptingTraits (0ms)
			SetupTypeCache (553ms)
			ReleaseScriptCaches (2ms)
			RebuildScriptCaches (81ms)
			SetupLoadedEditorAssemblies (827ms)
				LogAssemblyErrors (0ms)
				InitializePlatformSupportModulesInManaged (87ms)
				SetLoadedEditorAssemblies (1ms)
				RefreshPlugins (1ms)
				BeforeProcessingInitializeOnLoad (147ms)
				ProcessInitializeOnLoadAttributes (522ms)
				ProcessInitializeOnLoadMethodAttributes (57ms)
				AfterProcessingInitializeOnLoad (12ms)
				EditorAssembliesLoaded (0ms)
			ExecutionOrderSort2 (0ms)
			AwakeInstancesAfterBackupRestoration (8ms)
Platform modules already initialized, skipping
Refreshing native plugins compatible for Editor in 2.29 ms, found 3 plugins.
Preloading 0 native plugins for Editor in 0.00 ms.
Unloading 3375 Unused Serialized files (Serialized files now loaded: 0)
Unloading 20 unused Assets / (80.2 KB). Loaded Objects now: 3893.
Memory consumption went from 134.5 MB to 134.4 MB.
Total: 4.121200 ms (FindLiveObjects: 0.477200 ms CreateObjectMapping: 0.181300 ms MarkObjects: 3.305300 ms  DeleteObjects: 0.156300 ms)

AssetImportParameters requested are different than current active one (requested -> active):
  custom:video-decoder-ogg-theora: a1e56fd34408186e4bbccfd4996cb3dc -> 
  custom:container-muxer-webm: aa71ff27fc2769a1b78a27578f13a17b -> 
  custom:container-demuxer-webm: 4f35f7cbe854078d1ac9338744f61a02 -> 
  custom:video-encoder-webm-vp8: eb34c28f22e8b96e1ab97ce403110664 -> 
  custom:audio-encoder-webm-vorbis: bf7c407c2cedff20999df2af8eb42d56 -> 
  custom:framework-win-MediaFoundation: 216162199b28c13a410421893ffa2e32 -> 
  custom:container-demuxer-ogg: 62fdf1f143b41e24485cea50d1cbac27 -> 
  custom:video-decoder-webm-vp8: 9c59270c3fd7afecdb556c50c9e8de78 -> 
  custom:audio-decoder-ogg-vorbis: bf7c407c2cedff20999df2af8eb42d56 -> 
========================================================================
Received Import Request.
  Time since last request: 115.947146 seconds.
  path: Assets/Example2
  artifactKey: Guid(e33f9eeb708715e4bb33c894e674ebb1) Importer(815301076,1909f56bfc062723c751e8b465ee728b)
Start importing Assets/Example2 using Guid(e33f9eeb708715e4bb33c894e674ebb1) Importer(815301076,1909f56bfc062723c751e8b465ee728b)  -> (artifact id: 'e0e6e6801523b41afc1986c3132020f9') in 0.015170 seconds 
========================================================================
Received Import Request.
  Time since last request: 80.922632 seconds.
  path: Assets/Example2/my_character.fbx
  artifactKey: Guid(ba5b2f8557f833b44ba69841fffbd288) Importer(815301076,1909f56bfc062723c751e8b465ee728b)
Start importing Assets/Example2/my_character.fbx using Guid(ba5b2f8557f833b44ba69841fffbd288) Importer(815301076,1909f56bfc062723c751e8b465ee728b)  -> (artifact id: '301a422a3b19738a36878dd09d5c039d') in 0.214107 seconds 
========================================================================
Received Import Request.
  Time since last request: 30.514138 seconds.
  path: Assets/Example2/my_character.fbx
  artifactKey: Guid(ba5b2f8557f833b44ba69841fffbd288) Importer(815301076,1909f56bfc062723c751e8b465ee728b)
Start importing Assets/Example2/my_character.fbx using Guid(ba5b2f8557f833b44ba69841fffbd288) Importer(815301076,1909f56bfc062723c751e8b465ee728b)  -> (artifact id: '38b118ca8dfea219ad2d5d8a8b246fef') in 0.066192 seconds 
========================================================================
Received Import Request.
  Time since last request: 0.000077 seconds.
  path: Assets/Example2/bear_specular.png
  artifactKey: Guid(0612e8ff0e05e4e4095321e6a9560b8c) Importer(815301076,1909f56bfc062723c751e8b465ee728b)
Start importing Assets/Example2/bear_specular.png using Guid(0612e8ff0e05e4e4095321e6a9560b8c) Importer(815301076,1909f56bfc062723c751e8b465ee728b)  -> (artifact id: '883f5672a3e203a856cbb9de32b18f2f') in 0.041535 seconds 
========================================================================
Received Import Request.
  Time since last request: 0.000085 seconds.
  path: Assets/Example2/bear_normal.png
  artifactKey: Guid(93f53e60e3f0cc648b4593df4c5ac064) Importer(815301076,1909f56bfc062723c751e8b465ee728b)
Start importing Assets/Example2/bear_normal.png using Guid(93f53e60e3f0cc648b4593df4c5ac064) Importer(815301076,1909f56bfc062723c751e8b465ee728b)  -> (artifact id: '4046bf6a022d0c550228765a39992b3e') in 0.032247 seconds 
========================================================================
Received Import Request.
  Time since last request: 0.985037 seconds.
  path: Assets/Example2/my_character.fbx
  artifactKey: Guid(ba5b2f8557f833b44ba69841fffbd288) Importer(815301076,1909f56bfc062723c751e8b465ee728b)
Start importing Assets/Example2/my_character.fbx using Guid(ba5b2f8557f833b44ba69841fffbd288) Importer(815301076,1909f56bfc062723c751e8b465ee728b)  -> (artifact id: 'f8675549504f61d3fa711099ee000a98') in 0.085563 seconds 
========================================================================
Received Import Request.
  Time since last request: 2.426349 seconds.
  path: Assets/Example2/my_character.fbx
  artifactKey: Guid(ba5b2f8557f833b44ba69841fffbd288) Importer(815301076,1909f56bfc062723c751e8b465ee728b)
Start importing Assets/Example2/my_character.fbx using Guid(ba5b2f8557f833b44ba69841fffbd288) Importer(815301076,1909f56bfc062723c751e8b465ee728b)  -> (artifact id: '304eb5cf3498730892a837b8eec5982f') in 0.049878 seconds 
========================================================================
Received Import Request.
  Time since last request: 0.000166 seconds.
  path: Assets/Example2/warrok_MAT.mat
  artifactKey: Guid(3d31e0b6af273d44f9fcb3be03a9f1fe) Importer(815301076,1909f56bfc062723c751e8b465ee728b)
Start importing Assets/Example2/warrok_MAT.mat using Guid(3d31e0b6af273d44f9fcb3be03a9f1fe) Importer(815301076,1909f56bfc062723c751e8b465ee728b)  -> (artifact id: '49f0f543552c40a967f670f4d73268fb') in 0.035075 seconds 
========================================================================
Received Import Request.
  Time since last request: 89.574242 seconds.
  path: Assets/Example2/Animator
  artifactKey: Guid(f163882af3c93d04dbeabbc5198c029e) Importer(815301076,1909f56bfc062723c751e8b465ee728b)
Start importing Assets/Example2/Animator using Guid(f163882af3c93d04dbeabbc5198c029e) Importer(815301076,1909f56bfc062723c751e8b465ee728b)  -> (artifact id: '4b65f097a81a429bf970dca9b961c572') in 0.008625 seconds 
========================================================================
Received Import Request.
  Time since last request: 3.705921 seconds.
  path: Assets/Example2/Animator/monster_jump.fbx
  artifactKey: Guid(ce8b43c5f501a324e848779ffb0bf0ef) Importer(815301076,1909f56bfc062723c751e8b465ee728b)
Start importing Assets/Example2/Animator/monster_jump.fbx using Guid(ce8b43c5f501a324e848779ffb0bf0ef) Importer(815301076,1909f56bfc062723c751e8b465ee728b)  -> (artifact id: '601a84f9159b9139ce080a68a7e58e78') in 0.025374 seconds 
========================================================================
Received Import Request.
  Time since last request: 23.291033 seconds.
  path: Assets/Example2/Animator/mixamo.com.anim
  artifactKey: Guid(8cfd0c7a305b4a24f87e14d7b02db1a7) Importer(815301076,1909f56bfc062723c751e8b465ee728b)
Start importing Assets/Example2/Animator/mixamo.com.anim using Guid(8cfd0c7a305b4a24f87e14d7b02db1a7) Importer(815301076,1909f56bfc062723c751e8b465ee728b)  -> (artifact id: '2cbc122b665dc4312c2b2e325d60c6f5') in 0.015749 seconds 
========================================================================
Received Import Request.
  Time since last request: 15.373183 seconds.
  path: Assets/Example2/Animator/monter_jump.anim
  artifactKey: Guid(8cfd0c7a305b4a24f87e14d7b02db1a7) Importer(815301076,1909f56bfc062723c751e8b465ee728b)
Start importing Assets/Example2/Animator/monter_jump.anim using Guid(8cfd0c7a305b4a24f87e14d7b02db1a7) Importer(815301076,1909f56bfc062723c751e8b465ee728b)  -> (artifact id: 'e175aed335975e76b74479e293b09387') in 0.020870 seconds 
========================================================================
Received Import Request.
  Time since last request: 16.735354 seconds.
  path: Assets/Example2/Animator/New Animator Controller.controller
  artifactKey: Guid(2f6b7d3500f6c2f41a51dca49a65ef1b) Importer(815301076,1909f56bfc062723c751e8b465ee728b)
Start importing Assets/Example2/Animator/New Animator Controller.controller using Guid(2f6b7d3500f6c2f41a51dca49a65ef1b) Importer(815301076,1909f56bfc062723c751e8b465ee728b)  -> (artifact id: 'b3b20cab4dd531af2c2c104d2e731973') in 0.012436 seconds 
========================================================================
Received Import Request.
  Time since last request: 39.257637 seconds.
  path: Assets/Example2/Animator/Monster Animator.controller
  artifactKey: Guid(2f6b7d3500f6c2f41a51dca49a65ef1b) Importer(815301076,1909f56bfc062723c751e8b465ee728b)
Start importing Assets/Example2/Animator/Monster Animator.controller using Guid(2f6b7d3500f6c2f41a51dca49a65ef1b) Importer(815301076,1909f56bfc062723c751e8b465ee728b)  -> (artifact id: 'c5f2df47e358885bed2dd8c1b0820bf0') in 0.010125 seconds 
========================================================================
Received Prepare
Registering precompiled user dll's ...
Registered in 0.011674 seconds.
Begin MonoManager ReloadAssembly
Symbol file LoadedFromMemory doesn't match image E:\Unity\Shivarrior\Library\PackageCache\com.unity.visualscripting@1.7.8\Editor\VisualScripting.Core\Dependencies\YamlDotNet\Unity.VisualScripting.YamlDotNet.dll
Symbol file LoadedFromMemory doesn't match image E:\Unity\Shivarrior\Library\PackageCache\com.unity.visualscripting@1.7.8\Editor\VisualScripting.Core\Dependencies\DotNetZip\Unity.VisualScripting.IonicZip.dll
Native extension for WindowsStandalone target not found
Native extension for iOS target not found
Native extension for Android target not found
Native extension for WebGL target not found
Refreshing native plugins compatible for Editor in 1.57 ms, found 3 plugins.
Preloading 0 native plugins for Editor in 0.00 ms.
Mono: successfully reloaded assembly
- Completed reload, in  1.742 seconds
Domain Reload Profiling:
	ReloadAssembly (1743ms)
		BeginReloadAssembly (217ms)
			ExecutionOrderSort (0ms)
			DisableScriptedObjects (6ms)
			BackupInstance (0ms)
			ReleaseScriptingObjects (0ms)
			CreateAndSetChildDomain (52ms)
		EndReloadAssembly (1371ms)
			LoadAssemblies (186ms)
			RebuildTransferFunctionScriptingTraits (0ms)
			SetupTypeCache (482ms)
			ReleaseScriptCaches (2ms)
			RebuildScriptCaches (72ms)
			SetupLoadedEditorAssemblies (583ms)
				LogAssemblyErrors (0ms)
				InitializePlatformSupportModulesInManaged (61ms)
				SetLoadedEditorAssemblies (1ms)
				RefreshPlugins (2ms)
				BeforeProcessingInitializeOnLoad (111ms)
				ProcessInitializeOnLoadAttributes (350ms)
				ProcessInitializeOnLoadMethodAttributes (46ms)
				AfterProcessingInitializeOnLoad (13ms)
				EditorAssembliesLoaded (0ms)
			ExecutionOrderSort2 (0ms)
			AwakeInstancesAfterBackupRestoration (11ms)
Platform modules already initialized, skipping
Refreshing native plugins compatible for Editor in 2.57 ms, found 3 plugins.
Preloading 0 native plugins for Editor in 0.00 ms.
Unloading 3375 Unused Serialized files (Serialized files now loaded: 0)
Unloading 20 unused Assets / (80.3 KB). Loaded Objects now: 3896.
Memory consumption went from 134.5 MB to 134.5 MB.
Total: 5.554500 ms (FindLiveObjects: 0.521800 ms CreateObjectMapping: 0.668400 ms MarkObjects: 3.904000 ms  DeleteObjects: 0.458500 ms)

AssetImportParameters requested are different than current active one (requested -> active):
  custom:video-decoder-ogg-theora: a1e56fd34408186e4bbccfd4996cb3dc -> 
  custom:container-muxer-webm: aa71ff27fc2769a1b78a27578f13a17b -> 
  custom:container-demuxer-webm: 4f35f7cbe854078d1ac9338744f61a02 -> 
  custom:video-encoder-webm-vp8: eb34c28f22e8b96e1ab97ce403110664 -> 
  custom:audio-encoder-webm-vorbis: bf7c407c2cedff20999df2af8eb42d56 -> 
  custom:framework-win-MediaFoundation: 216162199b28c13a410421893ffa2e32 -> 
  custom:container-demuxer-ogg: 62fdf1f143b41e24485cea50d1cbac27 -> 
  custom:video-decoder-webm-vp8: 9c59270c3fd7afecdb556c50c9e8de78 -> 
  custom:audio-decoder-ogg-vorbis: bf7c407c2cedff20999df2af8eb42d56 -> 
========================================================================
Received Prepare
Registering precompiled user dll's ...
Registered in 0.008001 seconds.
Begin MonoManager ReloadAssembly
Symbol file LoadedFromMemory doesn't match image E:\Unity\Shivarrior\Library\PackageCache\com.unity.visualscripting@1.7.8\Editor\VisualScripting.Core\Dependencies\YamlDotNet\Unity.VisualScripting.YamlDotNet.dll
Symbol file LoadedFromMemory doesn't match image E:\Unity\Shivarrior\Library\PackageCache\com.unity.visualscripting@1.7.8\Editor\VisualScripting.Core\Dependencies\DotNetZip\Unity.VisualScripting.IonicZip.dll
Native extension for WindowsStandalone target not found
Native extension for iOS target not found
Native extension for Android target not found
Native extension for WebGL target not found
Refreshing native plugins compatible for Editor in 0.82 ms, found 3 plugins.
Preloading 0 native plugins for Editor in 0.00 ms.
Mono: successfully reloaded assembly
- Completed reload, in  1.605 seconds
Domain Reload Profiling:
	ReloadAssembly (1606ms)
		BeginReloadAssembly (190ms)
			ExecutionOrderSort (0ms)
			DisableScriptedObjects (8ms)
			BackupInstance (0ms)
			ReleaseScriptingObjects (0ms)
			CreateAndSetChildDomain (49ms)
		EndReloadAssembly (1293ms)
			LoadAssemblies (136ms)
			RebuildTransferFunctionScriptingTraits (0ms)
			SetupTypeCache (457ms)
			ReleaseScriptCaches (1ms)
			RebuildScriptCaches (60ms)
			SetupLoadedEditorAssemblies (565ms)
				LogAssemblyErrors (0ms)
				InitializePlatformSupportModulesInManaged (58ms)
				SetLoadedEditorAssemblies (1ms)
				RefreshPlugins (1ms)
				BeforeProcessingInitializeOnLoad (107ms)
				ProcessInitializeOnLoadAttributes (334ms)
				ProcessInitializeOnLoadMethodAttributes (50ms)
				AfterProcessingInitializeOnLoad (13ms)
				EditorAssembliesLoaded (0ms)
			ExecutionOrderSort2 (0ms)
			AwakeInstancesAfterBackupRestoration (10ms)
Platform modules already initialized, skipping
Refreshing native plugins compatible for Editor in 2.84 ms, found 3 plugins.
Preloading 0 native plugins for Editor in 0.00 ms.
Unloading 3375 Unused Serialized files (Serialized files now loaded: 0)
Unloading 20 unused Assets / (80.2 KB). Loaded Objects now: 3899.
Memory consumption went from 134.6 MB to 134.5 MB.
Total: 4.203600 ms (FindLiveObjects: 0.514400 ms CreateObjectMapping: 0.293200 ms MarkObjects: 3.247600 ms  DeleteObjects: 0.146700 ms)

AssetImportParameters requested are different than current active one (requested -> active):
  custom:video-decoder-ogg-theora: a1e56fd34408186e4bbccfd4996cb3dc -> 
  custom:container-muxer-webm: aa71ff27fc2769a1b78a27578f13a17b -> 
  custom:container-demuxer-webm: 4f35f7cbe854078d1ac9338744f61a02 -> 
  custom:video-encoder-webm-vp8: eb34c28f22e8b96e1ab97ce403110664 -> 
  custom:audio-encoder-webm-vorbis: bf7c407c2cedff20999df2af8eb42d56 -> 
  custom:framework-win-MediaFoundation: 216162199b28c13a410421893ffa2e32 -> 
  custom:container-demuxer-ogg: 62fdf1f143b41e24485cea50d1cbac27 -> 
  custom:video-decoder-webm-vp8: 9c59270c3fd7afecdb556c50c9e8de78 -> 
  custom:audio-decoder-ogg-vorbis: bf7c407c2cedff20999df2af8eb42d56 -> 
========================================================================
Received Prepare
Registering precompiled user dll's ...
Registered in 0.009755 seconds.
Begin MonoManager ReloadAssembly
Symbol file LoadedFromMemory doesn't match image E:\Unity\Shivarrior\Library\PackageCache\com.unity.visualscripting@1.7.8\Editor\VisualScripting.Core\Dependencies\YamlDotNet\Unity.VisualScripting.YamlDotNet.dll
Symbol file LoadedFromMemory doesn't match image E:\Unity\Shivarrior\Library\PackageCache\com.unity.visualscripting@1.7.8\Editor\VisualScripting.Core\Dependencies\DotNetZip\Unity.VisualScripting.IonicZip.dll
Native extension for WindowsStandalone target not found
Native extension for iOS target not found
Native extension for Android target not found
Native extension for WebGL target not found
Refreshing native plugins compatible for Editor in 0.91 ms, found 3 plugins.
Preloading 0 native plugins for Editor in 0.00 ms.
Mono: successfully reloaded assembly
- Completed reload, in  1.683 seconds
Domain Reload Profiling:
	ReloadAssembly (1684ms)
		BeginReloadAssembly (181ms)
			ExecutionOrderSort (0ms)
			DisableScriptedObjects (7ms)
			BackupInstance (0ms)
			ReleaseScriptingObjects (0ms)
			CreateAndSetChildDomain (48ms)
		EndReloadAssembly (1360ms)
			LoadAssemblies (129ms)
			RebuildTransferFunctionScriptingTraits (0ms)
			SetupTypeCache (471ms)
			ReleaseScriptCaches (4ms)
			RebuildScriptCaches (69ms)
			SetupLoadedEditorAssemblies (609ms)
				LogAssemblyErrors (0ms)
				InitializePlatformSupportModulesInManaged (62ms)
				SetLoadedEditorAssemblies (1ms)
				RefreshPlugins (1ms)
				BeforeProcessingInitializeOnLoad (112ms)
				ProcessInitializeOnLoadAttributes (368ms)
				ProcessInitializeOnLoadMethodAttributes (49ms)
				AfterProcessingInitializeOnLoad (15ms)
				EditorAssembliesLoaded (0ms)
			ExecutionOrderSort2 (0ms)
			AwakeInstancesAfterBackupRestoration (11ms)
Platform modules already initialized, skipping
Refreshing native plugins compatible for Editor in 4.47 ms, found 3 plugins.
Preloading 0 native plugins for Editor in 0.00 ms.
Unloading 3375 Unused Serialized files (Serialized files now loaded: 0)
Unloading 20 unused Assets / (80.2 KB). Loaded Objects now: 3902.
Memory consumption went from 134.6 MB to 134.5 MB.
Total: 4.390900 ms (FindLiveObjects: 0.430700 ms CreateObjectMapping: 0.633600 ms MarkObjects: 3.210400 ms  DeleteObjects: 0.114400 ms)

AssetImportParameters requested are different than current active one (requested -> active):
  custom:video-decoder-ogg-theora: a1e56fd34408186e4bbccfd4996cb3dc -> 
  custom:container-muxer-webm: aa71ff27fc2769a1b78a27578f13a17b -> 
  custom:container-demuxer-webm: 4f35f7cbe854078d1ac9338744f61a02 -> 
  custom:video-encoder-webm-vp8: eb34c28f22e8b96e1ab97ce403110664 -> 
  custom:audio-encoder-webm-vorbis: bf7c407c2cedff20999df2af8eb42d56 -> 
  custom:framework-win-MediaFoundation: 216162199b28c13a410421893ffa2e32 -> 
  custom:container-demuxer-ogg: 62fdf1f143b41e24485cea50d1cbac27 -> 
  custom:video-decoder-webm-vp8: 9c59270c3fd7afecdb556c50c9e8de78 -> 
  custom:audio-decoder-ogg-vorbis: bf7c407c2cedff20999df2af8eb42d56 -> 
========================================================================
Received Prepare
Registering precompiled user dll's ...
Registered in 0.007308 seconds.
Begin MonoManager ReloadAssembly
Symbol file LoadedFromMemory doesn't match image E:\Unity\Shivarrior\Library\PackageCache\com.unity.visualscripting@1.7.8\Editor\VisualScripting.Core\Dependencies\YamlDotNet\Unity.VisualScripting.YamlDotNet.dll
Symbol file LoadedFromMemory doesn't match image E:\Unity\Shivarrior\Library\PackageCache\com.unity.visualscripting@1.7.8\Editor\VisualScripting.Core\Dependencies\DotNetZip\Unity.VisualScripting.IonicZip.dll
Native extension for WindowsStandalone target not found
Native extension for iOS target not found
Native extension for Android target not found
Native extension for WebGL target not found
Refreshing native plugins compatible for Editor in 0.66 ms, found 3 plugins.
Preloading 0 native plugins for Editor in 0.00 ms.
Mono: successfully reloaded assembly
- Completed reload, in  1.688 seconds
Domain Reload Profiling:
	ReloadAssembly (1689ms)
		BeginReloadAssembly (178ms)
			ExecutionOrderSort (0ms)
			DisableScriptedObjects (8ms)
			BackupInstance (0ms)
			ReleaseScriptingObjects (0ms)
			CreateAndSetChildDomain (51ms)
		EndReloadAssembly (1375ms)
			LoadAssemblies (123ms)
			RebuildTransferFunctionScriptingTraits (0ms)
			SetupTypeCache (477ms)
			ReleaseScriptCaches (2ms)
			RebuildScriptCaches (76ms)
			SetupLoadedEditorAssemblies (611ms)
				LogAssemblyErrors (0ms)
				InitializePlatformSupportModulesInManaged (60ms)
				SetLoadedEditorAssemblies (1ms)
				RefreshPlugins (1ms)
				BeforeProcessingInitializeOnLoad (114ms)
				ProcessInitializeOnLoadAttributes (372ms)
				ProcessInitializeOnLoadMethodAttributes (49ms)
				AfterProcessingInitializeOnLoad (14ms)
				EditorAssembliesLoaded (0ms)
			ExecutionOrderSort2 (0ms)
			AwakeInstancesAfterBackupRestoration (13ms)
Platform modules already initialized, skipping
Refreshing native plugins compatible for Editor in 5.15 ms, found 3 plugins.
Preloading 0 native plugins for Editor in 0.00 ms.
Unloading 3375 Unused Serialized files (Serialized files now loaded: 0)
Unloading 20 unused Assets / (80.3 KB). Loaded Objects now: 3905.
Memory consumption went from 134.6 MB to 134.5 MB.
Total: 5.488700 ms (FindLiveObjects: 0.526500 ms CreateObjectMapping: 0.264700 ms MarkObjects: 4.547900 ms  DeleteObjects: 0.148200 ms)

AssetImportParameters requested are different than current active one (requested -> active):
  custom:video-decoder-ogg-theora: a1e56fd34408186e4bbccfd4996cb3dc -> 
  custom:container-muxer-webm: aa71ff27fc2769a1b78a27578f13a17b -> 
  custom:container-demuxer-webm: 4f35f7cbe854078d1ac9338744f61a02 -> 
  custom:video-encoder-webm-vp8: eb34c28f22e8b96e1ab97ce403110664 -> 
  custom:audio-encoder-webm-vorbis: bf7c407c2cedff20999df2af8eb42d56 -> 
  custom:framework-win-MediaFoundation: 216162199b28c13a410421893ffa2e32 -> 
  custom:container-demuxer-ogg: 62fdf1f143b41e24485cea50d1cbac27 -> 
  custom:video-decoder-webm-vp8: 9c59270c3fd7afecdb556c50c9e8de78 -> 
  custom:audio-decoder-ogg-vorbis: bf7c407c2cedff20999df2af8eb42d56 -> 
========================================================================
Received Prepare
Registering precompiled user dll's ...
Registered in 0.007017 seconds.
Begin MonoManager ReloadAssembly
Symbol file LoadedFromMemory doesn't match image E:\Unity\Shivarrior\Library\PackageCache\com.unity.visualscripting@1.7.8\Editor\VisualScripting.Core\Dependencies\YamlDotNet\Unity.VisualScripting.YamlDotNet.dll
Symbol file LoadedFromMemory doesn't match image E:\Unity\Shivarrior\Library\PackageCache\com.unity.visualscripting@1.7.8\Editor\VisualScripting.Core\Dependencies\DotNetZip\Unity.VisualScripting.IonicZip.dll
Native extension for WindowsStandalone target not found
Native extension for iOS target not found
Native extension for Android target not found
Native extension for WebGL target not found
Refreshing native plugins compatible for Editor in 0.82 ms, found 3 plugins.
Preloading 0 native plugins for Editor in 0.00 ms.
Mono: successfully reloaded assembly
- Completed reload, in  1.626 seconds
Domain Reload Profiling:
	ReloadAssembly (1629ms)
		BeginReloadAssembly (175ms)
			ExecutionOrderSort (0ms)
			DisableScriptedObjects (7ms)
			BackupInstance (0ms)
			ReleaseScriptingObjects (0ms)
			CreateAndSetChildDomain (46ms)
		EndReloadAssembly (1313ms)
			LoadAssemblies (127ms)
			RebuildTransferFunctionScriptingTraits (0ms)
			SetupTypeCache (464ms)
			ReleaseScriptCaches (2ms)
			RebuildScriptCaches (74ms)
			SetupLoadedEditorAssemblies (566ms)
				LogAssemblyErrors (0ms)
				InitializePlatformSupportModulesInManaged (49ms)
				SetLoadedEditorAssemblies (1ms)
				RefreshPlugins (1ms)
				BeforeProcessingInitializeOnLoad (79ms)
				ProcessInitializeOnLoadAttributes (374ms)
				ProcessInitializeOnLoadMethodAttributes (47ms)
				AfterProcessingInitializeOnLoad (15ms)
				EditorAssembliesLoaded (0ms)
			ExecutionOrderSort2 (0ms)
			AwakeInstancesAfterBackupRestoration (11ms)
Platform modules already initialized, skipping
Refreshing native plugins compatible for Editor in 4.43 ms, found 3 plugins.
Preloading 0 native plugins for Editor in 0.00 ms.
Unloading 3375 Unused Serialized files (Serialized files now loaded: 0)
Unloading 20 unused Assets / (80.4 KB). Loaded Objects now: 3908.
Memory consumption went from 134.6 MB to 134.5 MB.
Total: 4.394500 ms (FindLiveObjects: 0.355400 ms CreateObjectMapping: 0.290200 ms MarkObjects: 3.639200 ms  DeleteObjects: 0.108400 ms)

AssetImportParameters requested are different than current active one (requested -> active):
  custom:video-decoder-ogg-theora: a1e56fd34408186e4bbccfd4996cb3dc -> 
  custom:container-muxer-webm: aa71ff27fc2769a1b78a27578f13a17b -> 
  custom:container-demuxer-webm: 4f35f7cbe854078d1ac9338744f61a02 -> 
  custom:video-encoder-webm-vp8: eb34c28f22e8b96e1ab97ce403110664 -> 
  custom:audio-encoder-webm-vorbis: bf7c407c2cedff20999df2af8eb42d56 -> 
  custom:framework-win-MediaFoundation: 216162199b28c13a410421893ffa2e32 -> 
  custom:container-demuxer-ogg: 62fdf1f143b41e24485cea50d1cbac27 -> 
  custom:video-decoder-webm-vp8: 9c59270c3fd7afecdb556c50c9e8de78 -> 
  custom:audio-decoder-ogg-vorbis: bf7c407c2cedff20999df2af8eb42d56 -> 
========================================================================
Received Prepare
Registering precompiled user dll's ...
Registered in 0.007122 seconds.
Begin MonoManager ReloadAssembly
Symbol file LoadedFromMemory doesn't match image E:\Unity\Shivarrior\Library\PackageCache\com.unity.visualscripting@1.7.8\Editor\VisualScripting.Core\Dependencies\YamlDotNet\Unity.VisualScripting.YamlDotNet.dll
Symbol file LoadedFromMemory doesn't match image E:\Unity\Shivarrior\Library\PackageCache\com.unity.visualscripting@1.7.8\Editor\VisualScripting.Core\Dependencies\DotNetZip\Unity.VisualScripting.IonicZip.dll
Native extension for WindowsStandalone target not found
Native extension for iOS target not found
Native extension for Android target not found
Native extension for WebGL target not found
Refreshing native plugins compatible for Editor in 1.02 ms, found 3 plugins.
Preloading 0 native plugins for Editor in 0.00 ms.
Mono: successfully reloaded assembly
- Completed reload, in  1.756 seconds
Domain Reload Profiling:
	ReloadAssembly (1757ms)
		BeginReloadAssembly (174ms)
			ExecutionOrderSort (0ms)
			DisableScriptedObjects (6ms)
			BackupInstance (0ms)
			ReleaseScriptingObjects (0ms)
			CreateAndSetChildDomain (47ms)
		EndReloadAssembly (1432ms)
			LoadAssemblies (128ms)
			RebuildTransferFunctionScriptingTraits (0ms)
			SetupTypeCache (502ms)
			ReleaseScriptCaches (2ms)
			RebuildScriptCaches (77ms)
			SetupLoadedEditorAssemblies (631ms)
				LogAssemblyErrors (0ms)
				InitializePlatformSupportModulesInManaged (57ms)
				SetLoadedEditorAssemblies (1ms)
				RefreshPlugins (1ms)
				BeforeProcessingInitializeOnLoad (118ms)
				ProcessInitializeOnLoadAttributes (387ms)
				ProcessInitializeOnLoadMethodAttributes (51ms)
				AfterProcessingInitializeOnLoad (15ms)
				EditorAssembliesLoaded (0ms)
			ExecutionOrderSort2 (0ms)
			AwakeInstancesAfterBackupRestoration (12ms)
Platform modules already initialized, skipping
Refreshing native plugins compatible for Editor in 3.96 ms, found 3 plugins.
Preloading 0 native plugins for Editor in 0.00 ms.
Unloading 3375 Unused Serialized files (Serialized files now loaded: 0)
Unloading 20 unused Assets / (80.2 KB). Loaded Objects now: 3911.
Memory consumption went from 134.6 MB to 134.5 MB.
Total: 6.908700 ms (FindLiveObjects: 0.889200 ms CreateObjectMapping: 0.444200 ms MarkObjects: 5.389300 ms  DeleteObjects: 0.184300 ms)

AssetImportParameters requested are different than current active one (requested -> active):
  custom:video-decoder-ogg-theora: a1e56fd34408186e4bbccfd4996cb3dc -> 
  custom:container-muxer-webm: aa71ff27fc2769a1b78a27578f13a17b -> 
  custom:container-demuxer-webm: 4f35f7cbe854078d1ac9338744f61a02 -> 
  custom:video-encoder-webm-vp8: eb34c28f22e8b96e1ab97ce403110664 -> 
  custom:audio-encoder-webm-vorbis: bf7c407c2cedff20999df2af8eb42d56 -> 
  custom:framework-win-MediaFoundation: 216162199b28c13a410421893ffa2e32 -> 
  custom:container-demuxer-ogg: 62fdf1f143b41e24485cea50d1cbac27 -> 
  custom:video-decoder-webm-vp8: 9c59270c3fd7afecdb556c50c9e8de78 -> 
  custom:audio-decoder-ogg-vorbis: bf7c407c2cedff20999df2af8eb42d56 -> 
========================================================================
Received Prepare
Registering precompiled user dll's ...
Registered in 0.007322 seconds.
Begin MonoManager ReloadAssembly
Symbol file LoadedFromMemory doesn't match image E:\Unity\Shivarrior\Library\PackageCache\com.unity.visualscripting@1.7.8\Editor\VisualScripting.Core\Dependencies\YamlDotNet\Unity.VisualScripting.YamlDotNet.dll
Symbol file LoadedFromMemory doesn't match image E:\Unity\Shivarrior\Library\PackageCache\com.unity.visualscripting@1.7.8\Editor\VisualScripting.Core\Dependencies\DotNetZip\Unity.VisualScripting.IonicZip.dll
Native extension for WindowsStandalone target not found
Native extension for iOS target not found
Native extension for Android target not found
Native extension for WebGL target not found
Refreshing native plugins compatible for Editor in 1.68 ms, found 3 plugins.
Preloading 0 native plugins for Editor in 0.00 ms.
Mono: successfully reloaded assembly
- Completed reload, in  1.763 seconds
Domain Reload Profiling:
	ReloadAssembly (1764ms)
		BeginReloadAssembly (191ms)
			ExecutionOrderSort (0ms)
			DisableScriptedObjects (7ms)
			BackupInstance (0ms)
			ReleaseScriptingObjects (0ms)
			CreateAndSetChildDomain (54ms)
		EndReloadAssembly (1437ms)
			LoadAssemblies (159ms)
			RebuildTransferFunctionScriptingTraits (0ms)
			SetupTypeCache (508ms)
			ReleaseScriptCaches (3ms)
			RebuildScriptCaches (76ms)
			SetupLoadedEditorAssemblies (607ms)
				LogAssemblyErrors (0ms)
				InitializePlatformSupportModulesInManaged (62ms)
				SetLoadedEditorAssemblies (1ms)
				RefreshPlugins (2ms)
				BeforeProcessingInitializeOnLoad (108ms)
				ProcessInitializeOnLoadAttributes (371ms)
				ProcessInitializeOnLoadMethodAttributes (50ms)
				AfterProcessingInitializeOnLoad (14ms)
				EditorAssembliesLoaded (0ms)
			ExecutionOrderSort2 (0ms)
			AwakeInstancesAfterBackupRestoration (14ms)
Platform modules already initialized, skipping
Refreshing native plugins compatible for Editor in 4.09 ms, found 3 plugins.
Preloading 0 native plugins for Editor in 0.00 ms.
Unloading 3375 Unused Serialized files (Serialized files now loaded: 0)
Unloading 20 unused Assets / (80.3 KB). Loaded Objects now: 3914.
Memory consumption went from 134.6 MB to 134.5 MB.
Total: 5.774700 ms (FindLiveObjects: 0.596500 ms CreateObjectMapping: 0.538900 ms MarkObjects: 4.272800 ms  DeleteObjects: 0.363900 ms)

AssetImportParameters requested are different than current active one (requested -> active):
  custom:video-decoder-ogg-theora: a1e56fd34408186e4bbccfd4996cb3dc -> 
  custom:container-muxer-webm: aa71ff27fc2769a1b78a27578f13a17b -> 
  custom:container-demuxer-webm: 4f35f7cbe854078d1ac9338744f61a02 -> 
  custom:video-encoder-webm-vp8: eb34c28f22e8b96e1ab97ce403110664 -> 
  custom:audio-encoder-webm-vorbis: bf7c407c2cedff20999df2af8eb42d56 -> 
  custom:framework-win-MediaFoundation: 216162199b28c13a410421893ffa2e32 -> 
  custom:container-demuxer-ogg: 62fdf1f143b41e24485cea50d1cbac27 -> 
  custom:video-decoder-webm-vp8: 9c59270c3fd7afecdb556c50c9e8de78 -> 
  custom:audio-decoder-ogg-vorbis: bf7c407c2cedff20999df2af8eb42d56 -> 
========================================================================
Received Import Request.
  Time since last request: 1259.493518 seconds.
  path: Assets/Example/Animations/player_animator.controller
  artifactKey: Guid(89e362b0264e5ed45b331cef3eb56d12) Importer(815301076,1909f56bfc062723c751e8b465ee728b)
Start importing Assets/Example/Animations/player_animator.controller using Guid(89e362b0264e5ed45b331cef3eb56d12) Importer(815301076,1909f56bfc062723c751e8b465ee728b)  -> (artifact id: '8672f46fab82ae483a9a7d89c2ff19b7') in 0.045861 seconds 
========================================================================
Received Prepare
Registering precompiled user dll's ...
Registered in 0.008195 seconds.
Begin MonoManager ReloadAssembly
Symbol file LoadedFromMemory doesn't match image E:\Unity\Shivarrior\Library\PackageCache\com.unity.visualscripting@1.7.8\Editor\VisualScripting.Core\Dependencies\YamlDotNet\Unity.VisualScripting.YamlDotNet.dll
Symbol file LoadedFromMemory doesn't match image E:\Unity\Shivarrior\Library\PackageCache\com.unity.visualscripting@1.7.8\Editor\VisualScripting.Core\Dependencies\DotNetZip\Unity.VisualScripting.IonicZip.dll
Native extension for WindowsStandalone target not found
Native extension for iOS target not found
Native extension for Android target not found
Native extension for WebGL target not found
Refreshing native plugins compatible for Editor in 1.40 ms, found 3 plugins.
Preloading 0 native plugins for Editor in 0.00 ms.
Mono: successfully reloaded assembly
- Completed reload, in  1.798 seconds
Domain Reload Profiling:
	ReloadAssembly (1798ms)
		BeginReloadAssembly (186ms)
			ExecutionOrderSort (0ms)
			DisableScriptedObjects (7ms)
			BackupInstance (0ms)
			ReleaseScriptingObjects (0ms)
			CreateAndSetChildDomain (49ms)
		EndReloadAssembly (1444ms)
			LoadAssemblies (163ms)
			RebuildTransferFunctionScriptingTraits (0ms)
			SetupTypeCache (487ms)
			ReleaseScriptCaches (2ms)
			RebuildScriptCaches (80ms)
			SetupLoadedEditorAssemblies (628ms)
				LogAssemblyErrors (0ms)
				InitializePlatformSupportModulesInManaged (66ms)
				SetLoadedEditorAssemblies (1ms)
				RefreshPlugins (2ms)
				BeforeProcessingInitializeOnLoad (121ms)
				ProcessInitializeOnLoadAttributes (384ms)
				ProcessInitializeOnLoadMethodAttributes (43ms)
				AfterProcessingInitializeOnLoad (11ms)
				EditorAssembliesLoaded (0ms)
			ExecutionOrderSort2 (0ms)
			AwakeInstancesAfterBackupRestoration (9ms)
Platform modules already initialized, skipping
Refreshing native plugins compatible for Editor in 3.70 ms, found 3 plugins.
Preloading 0 native plugins for Editor in 0.00 ms.
Unloading 3375 Unused Serialized files (Serialized files now loaded: 0)
Unloading 20 unused Assets / (80.2 KB). Loaded Objects now: 3917.
Memory consumption went from 134.6 MB to 134.5 MB.
Total: 19.099500 ms (FindLiveObjects: 0.388500 ms CreateObjectMapping: 0.292800 ms MarkObjects: 18.301200 ms  DeleteObjects: 0.115600 ms)

AssetImportParameters requested are different than current active one (requested -> active):
  custom:video-decoder-ogg-theora: a1e56fd34408186e4bbccfd4996cb3dc -> 
  custom:container-muxer-webm: aa71ff27fc2769a1b78a27578f13a17b -> 
  custom:container-demuxer-webm: 4f35f7cbe854078d1ac9338744f61a02 -> 
  custom:video-encoder-webm-vp8: eb34c28f22e8b96e1ab97ce403110664 -> 
  custom:audio-encoder-webm-vorbis: bf7c407c2cedff20999df2af8eb42d56 -> 
  custom:framework-win-MediaFoundation: 216162199b28c13a410421893ffa2e32 -> 
  custom:container-demuxer-ogg: 62fdf1f143b41e24485cea50d1cbac27 -> 
  custom:video-decoder-webm-vp8: 9c59270c3fd7afecdb556c50c9e8de78 -> 
  custom:audio-decoder-ogg-vorbis: bf7c407c2cedff20999df2af8eb42d56 -> 
========================================================================
Received Prepare
Registering precompiled user dll's ...
Registered in 0.011139 seconds.
Begin MonoManager ReloadAssembly
Symbol file LoadedFromMemory doesn't match image E:\Unity\Shivarrior\Library\PackageCache\com.unity.visualscripting@1.7.8\Editor\VisualScripting.Core\Dependencies\YamlDotNet\Unity.VisualScripting.YamlDotNet.dll
Symbol file LoadedFromMemory doesn't match image E:\Unity\Shivarrior\Library\PackageCache\com.unity.visualscripting@1.7.8\Editor\VisualScripting.Core\Dependencies\DotNetZip\Unity.VisualScripting.IonicZip.dll
Native extension for WindowsStandalone target not found
Native extension for iOS target not found
Native extension for Android target not found
Native extension for WebGL target not found
Refreshing native plugins compatible for Editor in 1.19 ms, found 3 plugins.
Preloading 0 native plugins for Editor in 0.00 ms.
Mono: successfully reloaded assembly
- Completed reload, in  1.862 seconds
Domain Reload Profiling:
	ReloadAssembly (1864ms)
		BeginReloadAssembly (191ms)
			ExecutionOrderSort (0ms)
			DisableScriptedObjects (6ms)
			BackupInstance (0ms)
			ReleaseScriptingObjects (0ms)
			CreateAndSetChildDomain (51ms)
		EndReloadAssembly (1544ms)
			LoadAssemblies (169ms)
			RebuildTransferFunctionScriptingTraits (0ms)
			SetupTypeCache (532ms)
			ReleaseScriptCaches (3ms)
			RebuildScriptCaches (83ms)
			SetupLoadedEditorAssemblies (672ms)
				LogAssemblyErrors (0ms)
				InitializePlatformSupportModulesInManaged (64ms)
				SetLoadedEditorAssemblies (1ms)
				RefreshPlugins (1ms)
				BeforeProcessingInitializeOnLoad (121ms)
				ProcessInitializeOnLoadAttributes (412ms)
				ProcessInitializeOnLoadMethodAttributes (56ms)
				AfterProcessingInitializeOnLoad (15ms)
				EditorAssembliesLoaded (0ms)
			ExecutionOrderSort2 (0ms)
			AwakeInstancesAfterBackupRestoration (12ms)
Platform modules already initialized, skipping
Refreshing native plugins compatible for Editor in 4.61 ms, found 3 plugins.
Preloading 0 native plugins for Editor in 0.00 ms.
Unloading 3375 Unused Serialized files (Serialized files now loaded: 0)
Unloading 20 unused Assets / (80.2 KB). Loaded Objects now: 3920.
Memory consumption went from 134.6 MB to 134.5 MB.
Total: 5.333500 ms (FindLiveObjects: 0.555800 ms CreateObjectMapping: 0.286100 ms MarkObjects: 4.323200 ms  DeleteObjects: 0.166500 ms)

AssetImportParameters requested are different than current active one (requested -> active):
  custom:video-decoder-ogg-theora: a1e56fd34408186e4bbccfd4996cb3dc -> 
  custom:container-muxer-webm: aa71ff27fc2769a1b78a27578f13a17b -> 
  custom:container-demuxer-webm: 4f35f7cbe854078d1ac9338744f61a02 -> 
  custom:video-encoder-webm-vp8: eb34c28f22e8b96e1ab97ce403110664 -> 
  custom:audio-encoder-webm-vorbis: bf7c407c2cedff20999df2af8eb42d56 -> 
  custom:framework-win-MediaFoundation: 216162199b28c13a410421893ffa2e32 -> 
  custom:container-demuxer-ogg: 62fdf1f143b41e24485cea50d1cbac27 -> 
  custom:video-decoder-webm-vp8: 9c59270c3fd7afecdb556c50c9e8de78 -> 
  custom:audio-decoder-ogg-vorbis: bf7c407c2cedff20999df2af8eb42d56 -> 
========================================================================
Received Prepare
Registering precompiled user dll's ...
Registered in 0.010864 seconds.
Begin MonoManager ReloadAssembly
Symbol file LoadedFromMemory doesn't match image E:\Unity\Shivarrior\Library\PackageCache\com.unity.visualscripting@1.7.8\Editor\VisualScripting.Core\Dependencies\YamlDotNet\Unity.VisualScripting.YamlDotNet.dll
Symbol file LoadedFromMemory doesn't match image E:\Unity\Shivarrior\Library\PackageCache\com.unity.visualscripting@1.7.8\Editor\VisualScripting.Core\Dependencies\DotNetZip\Unity.VisualScripting.IonicZip.dll
Native extension for WindowsStandalone target not found
Native extension for iOS target not found
Native extension for Android target not found
Native extension for WebGL target not found
Refreshing native plugins compatible for Editor in 1.94 ms, found 3 plugins.
Preloading 0 native plugins for Editor in 0.00 ms.
Mono: successfully reloaded assembly
- Completed reload, in  1.865 seconds
Domain Reload Profiling:
	ReloadAssembly (1866ms)
		BeginReloadAssembly (189ms)
			ExecutionOrderSort (0ms)
			DisableScriptedObjects (8ms)
			BackupInstance (0ms)
			ReleaseScriptingObjects (0ms)
			CreateAndSetChildDomain (54ms)
		EndReloadAssembly (1532ms)
			LoadAssemblies (162ms)
			RebuildTransferFunctionScriptingTraits (0ms)
			SetupTypeCache (520ms)
			ReleaseScriptCaches (3ms)
			RebuildScriptCaches (80ms)
			SetupLoadedEditorAssemblies (663ms)
				LogAssemblyErrors (0ms)
				InitializePlatformSupportModulesInManaged (63ms)
				SetLoadedEditorAssemblies (1ms)
				RefreshPlugins (2ms)
				BeforeProcessingInitializeOnLoad (122ms)
				ProcessInitializeOnLoadAttributes (403ms)
				ProcessInitializeOnLoadMethodAttributes (56ms)
				AfterProcessingInitializeOnLoad (16ms)
				EditorAssembliesLoaded (0ms)
			ExecutionOrderSort2 (0ms)
			AwakeInstancesAfterBackupRestoration (13ms)
Platform modules already initialized, skipping
Refreshing native plugins compatible for Editor in 4.31 ms, found 3 plugins.
Preloading 0 native plugins for Editor in 0.00 ms.
Unloading 3375 Unused Serialized files (Serialized files now loaded: 0)
Unloading 20 unused Assets / (80.2 KB). Loaded Objects now: 3923.
Memory consumption went from 134.6 MB to 134.6 MB.
Total: 4.736600 ms (FindLiveObjects: 0.451800 ms CreateObjectMapping: 0.426000 ms MarkObjects: 3.682600 ms  DeleteObjects: 0.174400 ms)

AssetImportParameters requested are different than current active one (requested -> active):
  custom:video-decoder-ogg-theora: a1e56fd34408186e4bbccfd4996cb3dc -> 
  custom:container-muxer-webm: aa71ff27fc2769a1b78a27578f13a17b -> 
  custom:container-demuxer-webm: 4f35f7cbe854078d1ac9338744f61a02 -> 
  custom:video-encoder-webm-vp8: eb34c28f22e8b96e1ab97ce403110664 -> 
  custom:audio-encoder-webm-vorbis: bf7c407c2cedff20999df2af8eb42d56 -> 
  custom:framework-win-MediaFoundation: 216162199b28c13a410421893ffa2e32 -> 
  custom:container-demuxer-ogg: 62fdf1f143b41e24485cea50d1cbac27 -> 
  custom:video-decoder-webm-vp8: 9c59270c3fd7afecdb556c50c9e8de78 -> 
  custom:audio-decoder-ogg-vorbis: bf7c407c2cedff20999df2af8eb42d56 -> 
========================================================================
Received Prepare
Registering precompiled user dll's ...
Registered in 0.006957 seconds.
Begin MonoManager ReloadAssembly
Symbol file LoadedFromMemory doesn't match image E:\Unity\Shivarrior\Library\PackageCache\com.unity.visualscripting@1.7.8\Editor\VisualScripting.Core\Dependencies\YamlDotNet\Unity.VisualScripting.YamlDotNet.dll
Symbol file LoadedFromMemory doesn't match image E:\Unity\Shivarrior\Library\PackageCache\com.unity.visualscripting@1.7.8\Editor\VisualScripting.Core\Dependencies\DotNetZip\Unity.VisualScripting.IonicZip.dll
Native extension for WindowsStandalone target not found
Native extension for iOS target not found
Native extension for Android target not found
Native extension for WebGL target not found
Refreshing native plugins compatible for Editor in 1.61 ms, found 3 plugins.
Preloading 0 native plugins for Editor in 0.00 ms.
Mono: successfully reloaded assembly
- Completed reload, in  1.797 seconds
Domain Reload Profiling:
	ReloadAssembly (1798ms)
		BeginReloadAssembly (177ms)
			ExecutionOrderSort (0ms)
			DisableScriptedObjects (6ms)
			BackupInstance (0ms)
			ReleaseScriptingObjects (0ms)
			CreateAndSetChildDomain (42ms)
		EndReloadAssembly (1479ms)
			LoadAssemblies (138ms)
			RebuildTransferFunctionScriptingTraits (0ms)
			SetupTypeCache (512ms)
			ReleaseScriptCaches (3ms)
			RebuildScriptCaches (81ms)
			SetupLoadedEditorAssemblies (659ms)
				LogAssemblyErrors (0ms)
				InitializePlatformSupportModulesInManaged (64ms)
				SetLoadedEditorAssemblies (1ms)
				RefreshPlugins (2ms)
				BeforeProcessingInitializeOnLoad (120ms)
				ProcessInitializeOnLoadAttributes (407ms)
				ProcessInitializeOnLoadMethodAttributes (49ms)
				AfterProcessingInitializeOnLoad (16ms)
				EditorAssembliesLoaded (0ms)
			ExecutionOrderSort2 (0ms)
			AwakeInstancesAfterBackupRestoration (13ms)
Platform modules already initialized, skipping
Refreshing native plugins compatible for Editor in 3.40 ms, found 3 plugins.
Preloading 0 native plugins for Editor in 0.00 ms.
Unloading 3375 Unused Serialized files (Serialized files now loaded: 0)
Unloading 20 unused Assets / (80.3 KB). Loaded Objects now: 3926.
Memory consumption went from 134.6 MB to 134.6 MB.
Total: 5.547400 ms (FindLiveObjects: 0.680600 ms CreateObjectMapping: 0.377200 ms MarkObjects: 4.256000 ms  DeleteObjects: 0.231000 ms)

AssetImportParameters requested are different than current active one (requested -> active):
  custom:video-decoder-ogg-theora: a1e56fd34408186e4bbccfd4996cb3dc -> 
  custom:container-muxer-webm: aa71ff27fc2769a1b78a27578f13a17b -> 
  custom:container-demuxer-webm: 4f35f7cbe854078d1ac9338744f61a02 -> 
  custom:video-encoder-webm-vp8: eb34c28f22e8b96e1ab97ce403110664 -> 
  custom:audio-encoder-webm-vorbis: bf7c407c2cedff20999df2af8eb42d56 -> 
  custom:framework-win-MediaFoundation: 216162199b28c13a410421893ffa2e32 -> 
  custom:container-demuxer-ogg: 62fdf1f143b41e24485cea50d1cbac27 -> 
  custom:video-decoder-webm-vp8: 9c59270c3fd7afecdb556c50c9e8de78 -> 
  custom:audio-decoder-ogg-vorbis: bf7c407c2cedff20999df2af8eb42d56 -> 
========================================================================
Received Prepare
Registering precompiled user dll's ...
Registered in 0.010071 seconds.
Begin MonoManager ReloadAssembly
Symbol file LoadedFromMemory doesn't match image E:\Unity\Shivarrior\Library\PackageCache\com.unity.visualscripting@1.7.8\Editor\VisualScripting.Core\Dependencies\YamlDotNet\Unity.VisualScripting.YamlDotNet.dll
Symbol file LoadedFromMemory doesn't match image E:\Unity\Shivarrior\Library\PackageCache\com.unity.visualscripting@1.7.8\Editor\VisualScripting.Core\Dependencies\DotNetZip\Unity.VisualScripting.IonicZip.dll
Native extension for WindowsStandalone target not found
Native extension for iOS target not found
Native extension for Android target not found
Native extension for WebGL target not found
Refreshing native plugins compatible for Editor in 1.51 ms, found 3 plugins.
Preloading 0 native plugins for Editor in 0.00 ms.
Mono: successfully reloaded assembly
- Completed reload, in  1.773 seconds
Domain Reload Profiling:
	ReloadAssembly (1775ms)
		BeginReloadAssembly (180ms)
			ExecutionOrderSort (0ms)
			DisableScriptedObjects (6ms)
			BackupInstance (0ms)
			ReleaseScriptingObjects (0ms)
			CreateAndSetChildDomain (47ms)
		EndReloadAssembly (1474ms)
			LoadAssemblies (159ms)
			RebuildTransferFunctionScriptingTraits (0ms)
			SetupTypeCache (499ms)
			ReleaseScriptCaches (3ms)
			RebuildScriptCaches (81ms)
			SetupLoadedEditorAssemblies (645ms)
				LogAssemblyErrors (0ms)
				InitializePlatformSupportModulesInManaged (62ms)
				SetLoadedEditorAssemblies (1ms)
				RefreshPlugins (2ms)
				BeforeProcessingInitializeOnLoad (120ms)
				ProcessInitializeOnLoadAttributes (391ms)
				ProcessInitializeOnLoadMethodAttributes (53ms)
				AfterProcessingInitializeOnLoad (16ms)
				EditorAssembliesLoaded (0ms)
			ExecutionOrderSort2 (0ms)
			AwakeInstancesAfterBackupRestoration (13ms)
Platform modules already initialized, skipping
Refreshing native plugins compatible for Editor in 4.67 ms, found 3 plugins.
Preloading 0 native plugins for Editor in 0.00 ms.
Unloading 3375 Unused Serialized files (Serialized files now loaded: 0)
Unloading 20 unused Assets / (80.2 KB). Loaded Objects now: 3929.
Memory consumption went from 134.7 MB to 134.6 MB.
Total: 5.539200 ms (FindLiveObjects: 0.457100 ms CreateObjectMapping: 0.281800 ms MarkObjects: 4.626700 ms  DeleteObjects: 0.172200 ms)

AssetImportParameters requested are different than current active one (requested -> active):
  custom:video-decoder-ogg-theora: a1e56fd34408186e4bbccfd4996cb3dc -> 
  custom:container-muxer-webm: aa71ff27fc2769a1b78a27578f13a17b -> 
  custom:container-demuxer-webm: 4f35f7cbe854078d1ac9338744f61a02 -> 
  custom:video-encoder-webm-vp8: eb34c28f22e8b96e1ab97ce403110664 -> 
  custom:audio-encoder-webm-vorbis: bf7c407c2cedff20999df2af8eb42d56 -> 
  custom:framework-win-MediaFoundation: 216162199b28c13a410421893ffa2e32 -> 
  custom:container-demuxer-ogg: 62fdf1f143b41e24485cea50d1cbac27 -> 
  custom:video-decoder-webm-vp8: 9c59270c3fd7afecdb556c50c9e8de78 -> 
  custom:audio-decoder-ogg-vorbis: bf7c407c2cedff20999df2af8eb42d56 -> 
